<?xml version="1.0" encoding="UTF-8"?>
<!-- Generated by org.testng.reporters.JUnitXMLReporter -->
<testsuite ignored="0" hostname="DESKTOP-PVI9R6Q" failures="0" tests="4" name="Default test" time="34.91" errors="0" timestamp="2023-06-22T15:48:47 GMT-04:00">
  <testcase classname="testPackage.Testclass" name="title" time="0.012"/>
  <testcase classname="testPackage.Testclass" name="login" time="6.54"/>
  <testcase classname="testPackage.Testclass" name="login" time="6.521"/>
  <testcase classname="testPackage.Testclass" name="login" time="6.498"/>
</testsuite> <!-- Default test -->
