<?xml version="1.0" encoding="UTF-8"?>
<testng-results ignored="0" total="4" passed="4" failed="0" skipped="0">
  <reporter-output>
  </reporter-output>
  <suite started-at="2023-06-22T15:51:07 GMT-04:00" name="first framework" finished-at="2023-06-22T15:51:41 GMT-04:00" duration-ms="33671">
    <groups>
    </groups>
    <test started-at="2023-06-22T15:51:07 GMT-04:00" name="TestN" finished-at="2023-06-22T15:51:41 GMT-04:00" duration-ms="33671">
      <class name="testPackage.Testclass">
        <test-method is-config="true" signature="initialsetup()[pri:0, instance:testPackage.Testclass@1a6d8329]" started-at="2023-06-22T15:51:07 GMT-04:00" name="initialsetup" finished-at="2023-06-22T15:51:11 GMT-04:00" duration-ms="3984" status="PASS">
          <reporter-output>
          </reporter-output>
        </test-method> <!-- initialsetup -->
        <test-method signature="title()[pri:1, instance:testPackage.Testclass@1a6d8329]" started-at="2023-06-22T15:51:11 GMT-04:00" name="title" finished-at="2023-06-22T15:51:11 GMT-04:00" duration-ms="12" status="PASS">
          <reporter-output>
          </reporter-output>
        </test-method> <!-- title -->
        <test-method is-config="true" signature="close()[pri:0, instance:testPackage.Testclass@1a6d8329]" started-at="2023-06-22T15:51:11 GMT-04:00" name="close" finished-at="2023-06-22T15:51:11 GMT-04:00" duration-ms="113" status="PASS">
          <reporter-output>
          </reporter-output>
        </test-method> <!-- close -->
        <test-method is-config="true" signature="initialsetup()[pri:0, instance:testPackage.Testclass@1a6d8329]" started-at="2023-06-22T15:51:12 GMT-04:00" name="initialsetup" finished-at="2023-06-22T15:51:15 GMT-04:00" duration-ms="3106" status="PASS">
          <reporter-output>
          </reporter-output>
        </test-method> <!-- initialsetup -->
        <test-method signature="login(java.lang.String,java.lang.String)[pri:2, instance:testPackage.Testclass@1a6d8329]" started-at="2023-06-22T15:51:15 GMT-04:00" name="login" data-provider="details1" finished-at="2023-06-22T15:51:21 GMT-04:00" duration-ms="6498" status="PASS">
          <params>
            <param index="0">
              <value>
                <![CDATA[Admin]]>
              </value>
            </param>
            <param index="1">
              <value>
                <![CDATA[admin123]]>
              </value>
            </param>
          </params>
          <reporter-output>
          </reporter-output>
        </test-method> <!-- login -->
        <test-method is-config="true" signature="close()[pri:0, instance:testPackage.Testclass@1a6d8329]" started-at="2023-06-22T15:51:21 GMT-04:00" name="close" finished-at="2023-06-22T15:51:21 GMT-04:00" duration-ms="137" status="PASS">
          <reporter-output>
          </reporter-output>
        </test-method> <!-- close -->
        <test-method is-config="true" signature="initialsetup()[pri:0, instance:testPackage.Testclass@1a6d8329]" started-at="2023-06-22T15:51:21 GMT-04:00" name="initialsetup" finished-at="2023-06-22T15:51:24 GMT-04:00" duration-ms="2918" status="PASS">
          <reporter-output>
          </reporter-output>
        </test-method> <!-- initialsetup -->
        <test-method signature="login(java.lang.String,java.lang.String)[pri:2, instance:testPackage.Testclass@1a6d8329]" started-at="2023-06-22T15:51:24 GMT-04:00" name="login" data-provider="details1" finished-at="2023-06-22T15:51:31 GMT-04:00" duration-ms="6517" status="PASS">
          <params>
            <param index="0">
              <value>
                <![CDATA[gurpreetk]]>
              </value>
            </param>
            <param index="1">
              <value>
                <![CDATA[testing]]>
              </value>
            </param>
          </params>
          <reporter-output>
          </reporter-output>
        </test-method> <!-- login -->
        <test-method is-config="true" signature="close()[pri:0, instance:testPackage.Testclass@1a6d8329]" started-at="2023-06-22T15:51:31 GMT-04:00" name="close" finished-at="2023-06-22T15:51:31 GMT-04:00" duration-ms="123" status="PASS">
          <reporter-output>
          </reporter-output>
        </test-method> <!-- close -->
        <test-method is-config="true" signature="initialsetup()[pri:0, instance:testPackage.Testclass@1a6d8329]" started-at="2023-06-22T15:51:31 GMT-04:00" name="initialsetup" finished-at="2023-06-22T15:51:34 GMT-04:00" duration-ms="2904" status="PASS">
          <reporter-output>
          </reporter-output>
        </test-method> <!-- initialsetup -->
        <test-method signature="login(java.lang.String,java.lang.String)[pri:2, instance:testPackage.Testclass@1a6d8329]" started-at="2023-06-22T15:51:34 GMT-04:00" name="login" data-provider="details1" finished-at="2023-06-22T15:51:40 GMT-04:00" duration-ms="6502" status="PASS">
          <params>
            <param index="0">
              <value>
                <![CDATA[narinderk]]>
              </value>
            </param>
            <param index="1">
              <value>
                <![CDATA[bhopal]]>
              </value>
            </param>
          </params>
          <reporter-output>
          </reporter-output>
        </test-method> <!-- login -->
        <test-method is-config="true" signature="close()[pri:0, instance:testPackage.Testclass@1a6d8329]" started-at="2023-06-22T15:51:40 GMT-04:00" name="close" finished-at="2023-06-22T15:51:41 GMT-04:00" duration-ms="129" status="PASS">
          <reporter-output>
          </reporter-output>
        </test-method> <!-- close -->
      </class> <!-- testPackage.Testclass -->
    </test> <!-- TestN -->
  </suite> <!-- first framework -->
</testng-results>
