<?xml version="1.0" encoding="UTF-8"?>
<!-- Generated by org.testng.reporters.JUnitXMLReporter -->
<testsuite ignored="0" hostname="DESKTOP-PVI9R6Q" failures="0" tests="4" name="TestN" time="33.671" errors="0" timestamp="2023-06-22T15:51:41 GMT-04:00">
  <testcase classname="testPackage.Testclass" name="title" time="0.012"/>
  <testcase classname="testPackage.Testclass" name="login" time="6.498"/>
  <testcase classname="testPackage.Testclass" name="login" time="6.517"/>
  <testcase classname="testPackage.Testclass" name="login" time="6.502"/>
</testsuite> <!-- TestN -->
